[2021-03-01 14:22:26.772] [exthost] [info] extension host started
[2021-03-01 14:22:26.959] [exthost] [info] ExtensionService#_doActivateExtension vscode.microsoft-authentication {"startup":false,"extensionId":{"value":"vscode.microsoft-authentication","_lower":"vscode.microsoft-authentication"},"activationEvent":"onAuthenticationRequest:microsoft"}
[2021-03-01 14:22:26.959] [exthost] [info] ExtensionService#loadCommonJSModule file:///opt/visual-studio-code/resources/app/extensions/microsoft-authentication/dist/extension.js
[2021-03-01 14:22:26.971] [exthost] [info] ExtensionService#_doActivateExtension vscode.configuration-editing {"startup":false,"extensionId":{"value":"vscode.configuration-editing","_lower":"vscode.configuration-editing"},"activationEvent":"onLanguage:jsonc"}
[2021-03-01 14:22:26.971] [exthost] [info] ExtensionService#loadCommonJSModule file:///opt/visual-studio-code/resources/app/extensions/configuration-editing/dist/configurationEditingMain
[2021-03-01 14:22:26.976] [exthost] [info] ExtensionService#_doActivateExtension vscode.json-language-features {"startup":false,"extensionId":{"value":"vscode.json-language-features","_lower":"vscode.json-language-features"},"activationEvent":"onLanguage:jsonc"}
[2021-03-01 14:22:26.976] [exthost] [info] ExtensionService#loadCommonJSModule file:///opt/visual-studio-code/resources/app/extensions/json-language-features/client/dist/node/jsonClientMain
[2021-03-01 14:22:26.998] [exthost] [info] ExtensionService#_doActivateExtension vscode.typescript-language-features {"startup":false,"extensionId":{"value":"vscode.typescript-language-features","_lower":"vscode.typescript-language-features"},"activationEvent":"onLanguage:jsonc"}
[2021-03-01 14:22:26.998] [exthost] [info] ExtensionService#loadCommonJSModule file:///opt/visual-studio-code/resources/app/extensions/typescript-language-features/dist/extension
[2021-03-01 14:22:27.013] [exthost] [info] ExtensionService#_doActivateExtension vscode.debug-auto-launch {"startup":true,"extensionId":{"value":"vscode.debug-auto-launch","_lower":"vscode.debug-auto-launch"},"activationEvent":"*"}
[2021-03-01 14:22:27.013] [exthost] [info] ExtensionService#loadCommonJSModule file:///opt/visual-studio-code/resources/app/extensions/debug-auto-launch/dist/extension
[2021-03-01 14:22:27.015] [exthost] [info] ExtensionService#_doActivateExtension vscode.git {"startup":true,"extensionId":{"value":"vscode.github","_lower":"vscode.github"},"activationEvent":"*"}
[2021-03-01 14:22:27.015] [exthost] [info] ExtensionService#loadCommonJSModule file:///opt/visual-studio-code/resources/app/extensions/git/dist/main
[2021-03-01 14:22:27.041] [exthost] [info] ExtensionService#_doActivateExtension CoenraadS.bracket-pair-colorizer-2 {"startup":true,"extensionId":{"value":"CoenraadS.bracket-pair-colorizer-2","_lower":"coenraads.bracket-pair-colorizer-2"},"activationEvent":"*"}
[2021-03-01 14:22:27.041] [exthost] [info] ExtensionService#loadCommonJSModule file:///home/n30/.vscode/extensions/coenraads.bracket-pair-colorizer-2-0.2.0/out/src/extension
[2021-03-01 14:22:27.080] [exthost] [info] ExtensionService#_doActivateExtension kisstkondoros.vscode-gutter-preview {"startup":true,"extensionId":{"value":"kisstkondoros.vscode-gutter-preview","_lower":"kisstkondoros.vscode-gutter-preview"},"activationEvent":"*"}
[2021-03-01 14:22:27.080] [exthost] [info] ExtensionService#loadCommonJSModule file:///home/n30/.vscode/extensions/kisstkondoros.vscode-gutter-preview-0.26.2/dist/extension
[2021-03-01 14:22:27.093] [exthost] [info] ExtensionService#_doActivateExtension oderwat.indent-rainbow {"startup":true,"extensionId":{"value":"oderwat.indent-rainbow","_lower":"oderwat.indent-rainbow"},"activationEvent":"*"}
[2021-03-01 14:22:27.093] [exthost] [info] ExtensionService#loadCommonJSModule file:///home/n30/.vscode/extensions/oderwat.indent-rainbow-7.5.0/out/extension
[2021-03-01 14:22:27.096] [exthost] [info] ExtensionService#_doActivateExtension PKief.material-icon-theme {"startup":true,"extensionId":{"value":"PKief.material-icon-theme","_lower":"pkief.material-icon-theme"},"activationEvent":"*"}
[2021-03-01 14:22:27.096] [exthost] [info] ExtensionService#loadCommonJSModule file:///home/n30/.vscode/extensions/pkief.material-icon-theme-4.5.0/dist/extension
[2021-03-01 14:22:27.107] [exthost] [info] ExtensionService#_doActivateExtension ritwickdey.LiveServer {"startup":true,"extensionId":{"value":"ritwickdey.LiveServer","_lower":"ritwickdey.liveserver"},"activationEvent":"*"}
[2021-03-01 14:22:27.107] [exthost] [info] ExtensionService#loadCommonJSModule file:///home/n30/.vscode/extensions/ritwickdey.liveserver-5.6.1/out/src/extension
[2021-03-01 14:22:27.616] [exthost] [info] ExtensionService#_doActivateExtension WallabyJs.quokka-vscode {"startup":true,"extensionId":{"value":"WallabyJs.quokka-vscode","_lower":"wallabyjs.quokka-vscode"},"activationEvent":"*"}
[2021-03-01 14:22:27.616] [exthost] [info] ExtensionService#loadCommonJSModule file:///home/n30/.vscode/extensions/wallabyjs.quokka-vscode-1.0.343/index
[2021-03-01 14:22:27.894] [exthost] [info] ExtensionService#_doActivateExtension vscode.github {"startup":true,"extensionId":{"value":"vscode.github","_lower":"vscode.github"},"activationEvent":"*"}
[2021-03-01 14:22:27.894] [exthost] [info] ExtensionService#loadCommonJSModule file:///opt/visual-studio-code/resources/app/extensions/github/dist/extension.js
[2021-03-01 14:22:27.980] [exthost] [info] eager extensions activated
[2021-03-01 14:22:27.989] [exthost] [info] ExtensionService#_doActivateExtension ms-vscode.js-debug {"startup":false,"extensionId":{"value":"ms-vscode.js-debug","_lower":"ms-vscode.js-debug"},"activationEvent":"onCommand:extension.js-debug.clearAutoAttachVariables"}
[2021-03-01 14:22:27.989] [exthost] [info] ExtensionService#loadCommonJSModule file:///opt/visual-studio-code/resources/app/extensions/ms-vscode.js-debug/src/extension.js
[2021-03-01 14:22:28.078] [exthost] [info] ExtensionService#_doActivateExtension vscode.emmet {"startup":false,"extensionId":{"value":"vscode.emmet","_lower":"vscode.emmet"},"activationEvent":"onStartupFinished"}
[2021-03-01 14:22:28.078] [exthost] [info] ExtensionService#loadCommonJSModule file:///opt/visual-studio-code/resources/app/extensions/emmet/dist/node/emmetNodeMain
[2021-03-01 14:22:28.085] [exthost] [info] ExtensionService#_doActivateExtension vscode.merge-conflict {"startup":false,"extensionId":{"value":"vscode.merge-conflict","_lower":"vscode.merge-conflict"},"activationEvent":"onStartupFinished"}
[2021-03-01 14:22:28.085] [exthost] [info] ExtensionService#loadCommonJSModule file:///opt/visual-studio-code/resources/app/extensions/merge-conflict/dist/mergeConflictMain
[2021-03-01 14:22:28.088] [exthost] [info] ExtensionService#_doActivateExtension vscode.testing-editor-contributions {"startup":false,"extensionId":{"value":"vscode.testing-editor-contributions","_lower":"vscode.testing-editor-contributions"},"activationEvent":"onStartupFinished"}
[2021-03-01 14:22:28.088] [exthost] [info] ExtensionService#loadCommonJSModule file:///opt/visual-studio-code/resources/app/extensions/testing-editor-contributions/dist/extension.js
[2021-03-01 14:22:28.091] [exthost] [info] ExtensionService#_doActivateExtension esbenp.prettier-vscode {"startup":false,"extensionId":{"value":"esbenp.prettier-vscode","_lower":"esbenp.prettier-vscode"},"activationEvent":"onStartupFinished"}
[2021-03-01 14:22:28.091] [exthost] [info] ExtensionService#loadCommonJSModule file:///home/n30/.vscode/extensions/esbenp.prettier-vscode-5.9.2/dist/extension
[2021-03-01 14:22:28.281] [exthost] [info] ExtensionService#_doActivateExtension vscode.github-authentication {"startup":false,"extensionId":{"value":"vscode.github-authentication","_lower":"vscode.github-authentication"},"activationEvent":"onAuthenticationRequest:github"}
[2021-03-01 14:22:28.281] [exthost] [info] ExtensionService#loadCommonJSModule file:///opt/visual-studio-code/resources/app/extensions/github-authentication/dist/extension.js
[2021-03-01 14:28:06.682] [exthost] [info] ExtensionService#_doActivateExtension ms-toolsai.jupyter {"startup":false,"extensionId":{"value":"ms-toolsai.jupyter","_lower":"ms-toolsai.jupyter"},"activationEvent":"onLanguage:python"}
[2021-03-01 14:28:06.682] [exthost] [info] ExtensionService#loadCommonJSModule file:///home/n30/.vscode/extensions/ms-toolsai.jupyter-2021.2.603412351/out/client/extension
[2021-03-01 14:28:06.803] [exthost] [info] ExtensionService#_doActivateExtension VisualStudioExptTeam.vscodeintellicode {"startup":false,"extensionId":{"value":"VisualStudioExptTeam.vscodeintellicode","_lower":"visualstudioexptteam.vscodeintellicode"},"activationEvent":"onLanguage:python"}
[2021-03-01 14:28:06.803] [exthost] [info] ExtensionService#loadCommonJSModule file:///home/n30/.vscode/extensions/visualstudioexptteam.vscodeintellicode-1.2.11/dist/intellicode
[2021-03-01 14:28:07.110] [exthost] [info] ExtensionService#_doActivateExtension ms-python.python {"startup":false,"extensionId":{"value":"ms-toolsai.jupyter","_lower":"ms-toolsai.jupyter"},"activationEvent":"api"}
[2021-03-01 14:28:07.110] [exthost] [info] ExtensionService#loadCommonJSModule file:///home/n30/.vscode/extensions/ms-python.python-2021.2.582707922/out/client/extension
[2021-03-01 14:28:08.767] [exthost] [info] ExtensionService#_doActivateExtension ms-python.vscode-pylance {"startup":false,"extensionId":{"value":"ms-python.python","_lower":"ms-python.python"},"activationEvent":"api"}
[2021-03-01 14:28:08.768] [exthost] [info] ExtensionService#loadCommonJSModule file:///home/n30/.vscode/extensions/ms-python.vscode-pylance-2021.2.4/dist/extension.bundle.js
[2021-03-01 14:28:12.704] [exthost] [error] [ms-python.python] provider FAILED
[2021-03-01 14:28:12.705] [exthost] [error] Canceled: Canceled
	at E.makeCancelError (/home/n30/.vscode/extensions/ms-python.python-2021.2.582707922/out/client/extension.js:9:175214)
	at E.handleFailedRequest (/home/n30/.vscode/extensions/ms-python.python-2021.2.582707922/out/client/extension.js:9:175065)
	at /home/n30/.vscode/extensions/ms-python.python-2021.2.582707922/out/client/extension.js:9:135573
[2021-03-01 14:29:35.680] [exthost] [info] ExtensionService#_doActivateExtension vscode.extension-editing {"startup":false,"extensionId":{"value":"vscode.extension-editing","_lower":"vscode.extension-editing"},"activationEvent":"onLanguage:json"}
[2021-03-01 14:29:35.680] [exthost] [info] ExtensionService#loadCommonJSModule file:///opt/visual-studio-code/resources/app/extensions/extension-editing/dist/extensionEditingMain
[2021-03-01 14:29:35.688] [exthost] [info] ExtensionService#_doActivateExtension vscode.npm {"startup":false,"extensionId":{"value":"vscode.npm","_lower":"vscode.npm"},"activationEvent":"onLanguage:json"}
[2021-03-01 14:29:35.688] [exthost] [info] ExtensionService#loadCommonJSModule file:///opt/visual-studio-code/resources/app/extensions/npm/dist/npmMain
[2021-03-01 14:37:37.943] [exthost] [info] ExtensionService#_doActivateExtension orepor.color-tabs-vscode-ext {"startup":false,"extensionId":{"value":"orepor.color-tabs-vscode-ext","_lower":"orepor.color-tabs-vscode-ext"},"activationEvent":"*"}
[2021-03-01 14:37:37.943] [exthost] [info] ExtensionService#loadCommonJSModule file:///home/n30/.vscode/extensions/orepor.color-tabs-vscode-ext-0.12.1/out/extension
[2021-03-01 14:39:49.207] [exthost] [info] ExtensionService#_doActivateExtension Gruntfuggly.todo-tree {"startup":false,"extensionId":{"value":"Gruntfuggly.todo-tree","_lower":"gruntfuggly.todo-tree"},"activationEvent":"onStartupFinished"}
[2021-03-01 14:39:49.207] [exthost] [info] ExtensionService#loadCommonJSModule file:///home/n30/.vscode/extensions/gruntfuggly.todo-tree-0.0.199/dist/extension
[2021-03-01 14:40:11.073] [exthost] [info] ExtensionService#_doActivateExtension WakaTime.vscode-wakatime {"startup":false,"extensionId":{"value":"WakaTime.vscode-wakatime","_lower":"wakatime.vscode-wakatime"},"activationEvent":"*"}
[2021-03-01 14:40:11.073] [exthost] [info] ExtensionService#loadCommonJSModule file:///home/n30/.vscode/extensions/wakatime.vscode-wakatime-5.0.1/dist/extension
[2021-03-01 14:48:29.639] [exthost] [info] ExtensionService#_doActivateExtension Yummygum.city-lights-icon-vsc {"startup":false,"extensionId":{"value":"Yummygum.city-lights-icon-vsc","_lower":"yummygum.city-lights-icon-vsc"},"activationEvent":"*"}
[2021-03-01 14:48:29.640] [exthost] [info] ExtensionService#loadCommonJSModule file:///home/n30/.vscode/extensions/yummygum.city-lights-icon-vsc-1.1.3/out/src/extension
[2021-03-01 14:48:31.363] [exthost] [info] ExtensionService#_doActivateExtension softwaredotcom.swdc-vscode {"startup":false,"extensionId":{"value":"softwaredotcom.swdc-vscode","_lower":"softwaredotcom.swdc-vscode"},"activationEvent":"onStartupFinished"}
[2021-03-01 14:48:31.363] [exthost] [info] ExtensionService#loadCommonJSModule file:///home/n30/.vscode/extensions/softwaredotcom.swdc-vscode-2.5.1/dist/extension
[2021-03-01 14:48:34.830] [exthost] [info] ExtensionService#_doActivateExtension vscode.markdown-language-features {"startup":false,"extensionId":{"value":"vscode.markdown-language-features","_lower":"vscode.markdown-language-features"},"activationEvent":"onCommand:markdown.showPreview"}
[2021-03-01 14:48:34.830] [exthost] [info] ExtensionService#loadCommonJSModule file:///opt/visual-studio-code/resources/app/extensions/markdown-language-features/dist/extension
[2021-03-01 14:48:35.048] [exthost] [info] ExtensionService#_doActivateExtension DavidAnson.vscode-markdownlint {"startup":false,"extensionId":{"value":"DavidAnson.vscode-markdownlint","_lower":"davidanson.vscode-markdownlint"},"activationEvent":"onLanguage:markdown"}
[2021-03-01 14:48:35.049] [exthost] [info] ExtensionService#loadCommonJSModule file:///home/n30/.vscode/extensions/davidanson.vscode-markdownlint-0.39.0/bundle
[2021-03-01 14:53:41.656] [exthost] [info] extension host terminating: received terminate message from renderer
[2021-03-01 14:53:42.684] [exthost] [info] exiting with code 0
