["INFO" - 5:57:53 PM] Extension Name: esbenp.prettier-vscode.
["INFO" - 5:57:53 PM] Extension Version: 6.3.1.
["INFO" - 6:51:32 PM] Formatting /home/n30/.dotfiles/.config/alacritty/alacritty.yml
["INFO" - 6:51:32 PM] File Info:
{
  "ignored": false,
  "inferredParser": "yaml"
}
["INFO" - 6:51:32 PM] Detected local configuration (i.e. .prettierrc or .editorconfig), VS Code configuration will not be used
["INFO" - 6:51:32 PM] Prettier Options:
{
  "filepath": "/home/n30/.dotfiles/.config/alacritty/alacritty.yml",
  "parser": "yaml",
  "useTabs": false,
  "tabWidth": 2,
  "endOfLine": "lf"
}
["INFO" - 6:51:32 PM] Formatting completed in 186.496926ms.
["INFO" - 6:52:27 PM] Formatting /home/n30/.dotfiles/.config/alacritty/alacritty.yml
["INFO" - 6:52:27 PM] File Info:
{
  "ignored": false,
  "inferredParser": "yaml"
}
["INFO" - 6:52:27 PM] Detected local configuration (i.e. .prettierrc or .editorconfig), VS Code configuration will not be used
["INFO" - 6:52:27 PM] Prettier Options:
{
  "filepath": "/home/n30/.dotfiles/.config/alacritty/alacritty.yml",
  "parser": "yaml",
  "useTabs": false,
  "tabWidth": 2,
  "endOfLine": "lf"
}
["INFO" - 6:52:27 PM] Formatting completed in 106.896853ms.
["INFO" - 6:54:26 PM] Formatting /home/n30/.dotfiles/.config/alacritty/alacritty.yml
["INFO" - 6:54:26 PM] File Info:
{
  "ignored": false,
  "inferredParser": "yaml"
}
["INFO" - 6:54:26 PM] Detected local configuration (i.e. .prettierrc or .editorconfig), VS Code configuration will not be used
["INFO" - 6:54:26 PM] Prettier Options:
{
  "filepath": "/home/n30/.dotfiles/.config/alacritty/alacritty.yml",
  "parser": "yaml",
  "useTabs": false,
  "tabWidth": 2,
  "endOfLine": "lf"
}
["INFO" - 6:54:26 PM] Formatting completed in 77.254632ms.
["INFO" - 6:54:43 PM] Formatting /home/n30/.dotfiles/.config/alacritty/alacritty.yml
["INFO" - 6:54:43 PM] File Info:
{
  "ignored": false,
  "inferredParser": "yaml"
}
["INFO" - 6:54:43 PM] Detected local configuration (i.e. .prettierrc or .editorconfig), VS Code configuration will not be used
["INFO" - 6:54:43 PM] Prettier Options:
{
  "filepath": "/home/n30/.dotfiles/.config/alacritty/alacritty.yml",
  "parser": "yaml",
  "useTabs": false,
  "tabWidth": 2,
  "endOfLine": "lf"
}
["INFO" - 6:54:43 PM] Formatting completed in 78.719403ms.
["INFO" - 6:55:21 PM] Formatting /home/n30/.dotfiles/.config/alacritty/alacritty.yml
["INFO" - 6:55:21 PM] File Info:
{
  "ignored": false,
  "inferredParser": "yaml"
}
["INFO" - 6:55:21 PM] Detected local configuration (i.e. .prettierrc or .editorconfig), VS Code configuration will not be used
["INFO" - 6:55:21 PM] Prettier Options:
{
  "filepath": "/home/n30/.dotfiles/.config/alacritty/alacritty.yml",
  "parser": "yaml",
  "useTabs": false,
  "tabWidth": 2,
  "endOfLine": "lf"
}
["INFO" - 6:55:21 PM] Formatting completed in 63.78877ms.
["INFO" - 6:55:33 PM] Formatting /home/n30/.dotfiles/.config/alacritty/alacritty.yml
["INFO" - 6:55:33 PM] File Info:
{
  "ignored": false,
  "inferredParser": "yaml"
}
["INFO" - 6:55:33 PM] Detected local configuration (i.e. .prettierrc or .editorconfig), VS Code configuration will not be used
["INFO" - 6:55:33 PM] Prettier Options:
{
  "filepath": "/home/n30/.dotfiles/.config/alacritty/alacritty.yml",
  "parser": "yaml",
  "useTabs": false,
  "tabWidth": 2,
  "endOfLine": "lf"
}
["INFO" - 6:55:33 PM] Formatting completed in 60.086823ms.
["INFO" - 6:55:38 PM] Formatting /home/n30/.dotfiles/.config/alacritty/alacritty.yml
["INFO" - 6:55:38 PM] File Info:
{
  "ignored": false,
  "inferredParser": "yaml"
}
["INFO" - 6:55:38 PM] Detected local configuration (i.e. .prettierrc or .editorconfig), VS Code configuration will not be used
["INFO" - 6:55:38 PM] Prettier Options:
{
  "filepath": "/home/n30/.dotfiles/.config/alacritty/alacritty.yml",
  "parser": "yaml",
  "useTabs": false,
  "tabWidth": 2,
  "endOfLine": "lf"
}
["INFO" - 6:55:38 PM] Formatting completed in 74.029429ms.
["INFO" - 6:56:50 PM] Formatting /home/n30/.dotfiles/.config/alacritty/alacritty.yml
["INFO" - 6:56:50 PM] File Info:
{
  "ignored": false,
  "inferredParser": "yaml"
}
["INFO" - 6:56:50 PM] Detected local configuration (i.e. .prettierrc or .editorconfig), VS Code configuration will not be used
["INFO" - 6:56:50 PM] Prettier Options:
{
  "filepath": "/home/n30/.dotfiles/.config/alacritty/alacritty.yml",
  "parser": "yaml",
  "useTabs": false,
  "tabWidth": 2,
  "endOfLine": "lf"
}
["INFO" - 6:56:50 PM] Formatting completed in 37.339851ms.
["INFO" - 6:57:01 PM] Formatting /home/n30/.dotfiles/.config/alacritty/alacritty.yml
["INFO" - 6:57:01 PM] File Info:
{
  "ignored": false,
  "inferredParser": "yaml"
}
["INFO" - 6:57:01 PM] Detected local configuration (i.e. .prettierrc or .editorconfig), VS Code configuration will not be used
["INFO" - 6:57:01 PM] Prettier Options:
{
  "filepath": "/home/n30/.dotfiles/.config/alacritty/alacritty.yml",
  "parser": "yaml",
  "useTabs": false,
  "tabWidth": 2,
  "endOfLine": "lf"
}
["INFO" - 6:57:01 PM] Formatting completed in 53.634285ms.
["INFO" - 6:57:27 PM] Formatting /home/n30/.dotfiles/.config/alacritty/alacritty.yml
["INFO" - 6:57:27 PM] File Info:
{
  "ignored": false,
  "inferredParser": "yaml"
}
["INFO" - 6:57:27 PM] Detected local configuration (i.e. .prettierrc or .editorconfig), VS Code configuration will not be used
["INFO" - 6:57:27 PM] Prettier Options:
{
  "filepath": "/home/n30/.dotfiles/.config/alacritty/alacritty.yml",
  "parser": "yaml",
  "useTabs": false,
  "tabWidth": 2,
  "endOfLine": "lf"
}
["INFO" - 6:57:27 PM] Formatting completed in 66.069544ms.
["INFO" - 6:58:39 PM] Formatting /home/n30/.dotfiles/.config/alacritty/alacritty.yml
["INFO" - 6:58:39 PM] File Info:
{
  "ignored": false,
  "inferredParser": "yaml"
}
["INFO" - 6:58:39 PM] Detected local configuration (i.e. .prettierrc or .editorconfig), VS Code configuration will not be used
["INFO" - 6:58:39 PM] Prettier Options:
{
  "filepath": "/home/n30/.dotfiles/.config/alacritty/alacritty.yml",
  "parser": "yaml",
  "useTabs": false,
  "tabWidth": 2,
  "endOfLine": "lf"
}
["INFO" - 6:58:39 PM] Formatting completed in 59.596021ms.
["INFO" - 6:59:17 PM] Formatting /home/n30/.dotfiles/.config/alacritty/alacritty.yml
["INFO" - 6:59:17 PM] File Info:
{
  "ignored": false,
  "inferredParser": "yaml"
}
["INFO" - 6:59:17 PM] Detected local configuration (i.e. .prettierrc or .editorconfig), VS Code configuration will not be used
["INFO" - 6:59:17 PM] Prettier Options:
{
  "filepath": "/home/n30/.dotfiles/.config/alacritty/alacritty.yml",
  "parser": "yaml",
  "useTabs": false,
  "tabWidth": 2,
  "endOfLine": "lf"
}
["INFO" - 6:59:17 PM] Formatting completed in 64.052663ms.
["INFO" - 7:00:39 PM] Formatting /home/n30/.dotfiles/.config/alacritty/alacritty.yml
["INFO" - 7:00:39 PM] File Info:
{
  "ignored": false,
  "inferredParser": "yaml"
}
["INFO" - 7:00:39 PM] Detected local configuration (i.e. .prettierrc or .editorconfig), VS Code configuration will not be used
["INFO" - 7:00:39 PM] Prettier Options:
{
  "filepath": "/home/n30/.dotfiles/.config/alacritty/alacritty.yml",
  "parser": "yaml",
  "useTabs": false,
  "tabWidth": 2,
  "endOfLine": "lf"
}
["INFO" - 7:00:39 PM] Formatting completed in 55.91122ms.
