00:00:00.001885 main     VirtualBox XPCOM Server 6.1.18 r142142 linux.amd64 (Feb 16 2021 07:45:49) release log
00:00:00.001886 main     Log opened 2021-03-27T03:35:50.726786000Z
00:00:00.001887 main     Build Type: release
00:00:00.001889 main     OS Product: Linux
00:00:00.001890 main     OS Release: 5.9.16-1-MANJARO
00:00:00.001891 main     OS Version: #1 SMP PREEMPT Mon Dec 21 22:00:46 UTC 2020
00:00:00.001907 main     DMI Product Name: Predator G3-571
00:00:00.001913 main     DMI Product Version: V1.20
00:00:00.001917 main     Firmware type: UEFI
00:00:00.002566 main     Secure Boot: Disabled
00:00:00.002611 main     Host RAM: 15895MB (15.5GB) total, 14651MB (14.3GB) available
00:00:00.002619 main     Executable: /usr/lib/virtualbox/VBoxSVC
00:00:00.002620 main     Process ID: 2037
00:00:00.002620 main     Package type: LINUX_64BITS_GENERIC (OSE)
00:00:00.003966 main     IPC socket path: /tmp/.vbox-n30-ipc/ipcd
00:00:00.111535 nspr-2   VirtualBox: object creation starts
00:00:00.111605 nspr-2   Home directory: '/home/n30/.config/VirtualBox'
00:00:00.111877 nspr-2   Loading settings file "/home/n30/.config/VirtualBox/VirtualBox.xml" with version "1.12-linux"
00:00:00.121283 nspr-2   NetIfAdpCtlOut: VBoxNetAdpCtl: Error while retrieving link speed for wlp2s0: VBoxNetAdpCtl: ioctl failed: Operation not supported
00:00:00.122405 nspr-2   HostDnsMonitor: initializing
00:00:00.122681 nspr-2   NAT: resolv.conf: nameserver 192.168.0.1
00:00:00.122690 nspr-2   NAT: resolv.conf: FIXME: ignoring IPv6 zone %wlp2s0
00:00:00.122692 nspr-2   NAT: resolv.conf: nameserver fe80::f68c:ebff:feab:49ff
00:00:00.122699 nspr-2   HostDnsMonitor: updating information
00:00:00.122709 nspr-2   HostDnsMonitor: old information
00:00:00.122711 nspr-2     no server entries
00:00:00.122713 nspr-2     no domain set
00:00:00.122715 nspr-2     no search string entries
00:00:00.122716 nspr-2   HostDnsMonitor: new information
00:00:00.122718 nspr-2     server 1: 192.168.0.1
00:00:00.122720 nspr-2     server 2: fe80::f68c:ebff:feab:49ff%wlp2s0
00:00:00.122722 nspr-2     domain: Dlink
00:00:00.122724 nspr-2     search string 1: Dlink
00:00:00.125102 nspr-2   Failed to open "/dev/vboxdrvu", errno=2, rc=VERR_VM_DRIVER_NOT_INSTALLED
00:00:00.126497 nspr-2   VD: VDInit finished with VINF_SUCCESS
00:00:00.127017 nspr-2   ERROR [COM]: aRC=NS_ERROR_FAILURE (0x80004005) aIID={027bc463-929c-40e8-bf16-fea557cd8e7e} aComponent={SystemPropertiesWrap} aText={Cannot determine default Guest Additions ISO location. Most likely they are not available}, preserve=false aResultDetail=0
00:00:00.132483 nspr-2   Loading settings file "/home/n30/VirtualBox VMs/Ubuntu/Ubuntu.vbox" with version "1.16-linux"
00:00:00.133249 nspr-2   VirtualBox: object created
00:00:01.950695 nspr-3   WARNING [COM]: aRC=NS_ERROR_FAILURE (0x80004005) aIID={16ced992-5fdc-4aba-aff5-6a39bbd7c38b} aComponent={HostWrap} aText={VirtualBox is not currently allowed to access USB devices.  You can change this by adding your user to the 'vboxusers' group.  Please see the user manual for a more detailed explanation}, preserve=true  aResultDetail=0
00:00:02.117396 nspr-3   Failed to open "/dev/vboxdrvu", errno=2, rc=VERR_VM_DRIVER_NOT_INSTALLED
00:00:02.355703 nspr-2   WARNING [COM]: aRC=NS_ERROR_FAILURE (0x80004005) aIID={16ced992-5fdc-4aba-aff5-6a39bbd7c38b} aComponent={HostWrap} aText={VirtualBox is not currently allowed to access USB devices.  You can change this by adding your user to the 'vboxusers' group.  Please see the user manual for a more detailed explanation}, preserve=true  aResultDetail=0
00:00:02.356875 nspr-2   WARNING [COM]: aRC=NS_ERROR_FAILURE (0x80004005) aIID={16ced992-5fdc-4aba-aff5-6a39bbd7c38b} aComponent={HostWrap} aText={VirtualBox is not currently allowed to access USB devices.  You can change this by adding your user to the 'vboxusers' group.  Please see the user manual for a more detailed explanation}, preserve=true  aResultDetail=0
00:00:06.563157 nspr-3   Failed to open "/dev/vboxdrvu", errno=2, rc=VERR_VM_DRIVER_NOT_INSTALLED
00:00:06.765593 nspr-3   WARNING [COM]: aRC=NS_ERROR_FAILURE (0x80004005) aIID={16ced992-5fdc-4aba-aff5-6a39bbd7c38b} aComponent={HostWrap} aText={VirtualBox is not currently allowed to access USB devices.  You can change this by adding your user to the 'vboxusers' group.  Please see the user manual for a more detailed explanation}, preserve=true  aResultDetail=0
00:00:07.438175 nspr-2   Failed to open "/dev/vboxdrvu", errno=2, rc=VERR_VM_DRIVER_NOT_INSTALLED
00:00:07.438290 nspr-4   Failed to open "/dev/vboxdrvu", errno=2, rc=VERR_VM_DRIVER_NOT_INSTALLED
00:00:07.438392 nspr-2   Failed to open "/dev/vboxdrvu", errno=2, rc=VERR_VM_DRIVER_NOT_INSTALLED
00:00:07.448829 nspr-4   NetIfAdpCtlOut: VBoxNetAdpCtl: Error while retrieving link speed for wlp2s0: VBoxNetAdpCtl: ioctl failed: Operation not supported
00:00:07.453957 nspr-4   NetIfAdpCtlOut: VBoxNetAdpCtl: Error while retrieving link speed for wlp2s0: VBoxNetAdpCtl: ioctl failed: Operation not supported
00:00:07.462739 nspr-2   WARNING [COM]: aRC=NS_ERROR_FAILURE (0x80004005) aIID={16ced992-5fdc-4aba-aff5-6a39bbd7c38b} aComponent={HostWrap} aText={VirtualBox is not currently allowed to access USB devices.  You can change this by adding your user to the 'vboxusers' group.  Please see the user manual for a more detailed explanation}, preserve=true  aResultDetail=0
00:00:07.463128 nspr-4   WARNING [COM]: aRC=NS_ERROR_FAILURE (0x80004005) aIID={16ced992-5fdc-4aba-aff5-6a39bbd7c38b} aComponent={HostWrap} aText={VirtualBox is not currently allowed to access USB devices.  You can change this by adding your user to the 'vboxusers' group.  Please see the user manual for a more detailed explanation}, preserve=true  aResultDetail=0
00:00:08.056879 nspr-2   Failed to open "/dev/vboxdrvu", errno=2, rc=VERR_VM_DRIVER_NOT_INSTALLED
00:00:08.089455 nspr-2   WARNING [COM]: aRC=NS_ERROR_FAILURE (0x80004005) aIID={16ced992-5fdc-4aba-aff5-6a39bbd7c38b} aComponent={HostWrap} aText={VirtualBox is not currently allowed to access USB devices.  You can change this by adding your user to the 'vboxusers' group.  Please see the user manual for a more detailed explanation}, preserve=true  aResultDetail=0
00:00:08.090987 nspr-2   WARNING [COM]: aRC=NS_ERROR_FAILURE (0x80004005) aIID={16ced992-5fdc-4aba-aff5-6a39bbd7c38b} aComponent={HostWrap} aText={VirtualBox is not currently allowed to access USB devices.  You can change this by adding your user to the 'vboxusers' group.  Please see the user manual for a more detailed explanation}, preserve=true  aResultDetail=0
00:00:34.573671 nspr-2   Saving settings file "/home/n30/.config/VirtualBox/VirtualBox.xml" with version "1.12-linux"
00:00:34.582102 nspr-2   Saving settings file "/home/n30/.config/VirtualBox/VirtualBox.xml" with version "1.12-linux"
00:00:37.492107 nspr-4   Saving settings file "/home/n30/.config/VirtualBox/VirtualBox.xml" with version "1.12-linux"
00:00:37.589041 nspr-4   WARNING [COM]: aRC=NS_ERROR_FAILURE (0x80004005) aIID={16ced992-5fdc-4aba-aff5-6a39bbd7c38b} aComponent={HostWrap} aText={VirtualBox is not currently allowed to access USB devices.  You can change this by adding your user to the 'vboxusers' group.  Please see the user manual for a more detailed explanation}, preserve=true  aResultDetail=0
00:00:37.589311 nspr-4   Saving settings file "/home/n30/VirtualBox VMs/Ubuntu/Ubuntu.vbox" with version "1.16-linux"
00:00:37.719423 nspr-4   Failed to open "/dev/vboxdrvu", errno=2, rc=VERR_VM_DRIVER_NOT_INSTALLED
00:00:37.749707 nspr-3   WARNING [COM]: aRC=NS_ERROR_FAILURE (0x80004005) aIID={16ced992-5fdc-4aba-aff5-6a39bbd7c38b} aComponent={HostWrap} aText={VirtualBox is not currently allowed to access USB devices.  You can change this by adding your user to the 'vboxusers' group.  Please see the user manual for a more detailed explanation}, preserve=true  aResultDetail=0
00:00:37.750405 nspr-3   WARNING [COM]: aRC=NS_ERROR_FAILURE (0x80004005) aIID={16ced992-5fdc-4aba-aff5-6a39bbd7c38b} aComponent={HostWrap} aText={VirtualBox is not currently allowed to access USB devices.  You can change this by adding your user to the 'vboxusers' group.  Please see the user manual for a more detailed explanation}, preserve=true  aResultDetail=0
00:00:39.009739 nspr-2   Launched VM: 1208650016 pid: 2098 (0x832) frontend: GUI/Qt name: Ubuntu
00:00:39.055230 nspr-4   Failed to open "/dev/vboxdrvu", errno=2, rc=VERR_VM_DRIVER_NOT_INSTALLED
00:00:39.085755 nspr-4   WARNING [COM]: aRC=NS_ERROR_FAILURE (0x80004005) aIID={16ced992-5fdc-4aba-aff5-6a39bbd7c38b} aComponent={HostWrap} aText={VirtualBox is not currently allowed to access USB devices.  You can change this by adding your user to the 'vboxusers' group.  Please see the user manual for a more detailed explanation}, preserve=true  aResultDetail=0
00:00:39.086649 nspr-4   WARNING [COM]: aRC=NS_ERROR_FAILURE (0x80004005) aIID={16ced992-5fdc-4aba-aff5-6a39bbd7c38b} aComponent={HostWrap} aText={VirtualBox is not currently allowed to access USB devices.  You can change this by adding your user to the 'vboxusers' group.  Please see the user manual for a more detailed explanation}, preserve=true  aResultDetail=0
00:00:39.510644 Watcher  ERROR [COM]: aRC=NS_ERROR_FAILURE (0x80004005) aIID={85632c68-b5bb-4316-a900-5eb28d3413df} aComponent={MachineWrap} aText={The virtual machine 'Ubuntu' has terminated unexpectedly during startup with exit code 1 (0x1)}, preserve=false aResultDetail=0
00:00:40.138904 nspr-3   Failed to open "/dev/vboxdrvu", errno=2, rc=VERR_VM_DRIVER_NOT_INSTALLED
00:00:40.165552 nspr-3   WARNING [COM]: aRC=NS_ERROR_FAILURE (0x80004005) aIID={16ced992-5fdc-4aba-aff5-6a39bbd7c38b} aComponent={HostWrap} aText={VirtualBox is not currently allowed to access USB devices.  You can change this by adding your user to the 'vboxusers' group.  Please see the user manual for a more detailed explanation}, preserve=true  aResultDetail=0
00:00:40.166644 nspr-3   WARNING [COM]: aRC=NS_ERROR_FAILURE (0x80004005) aIID={16ced992-5fdc-4aba-aff5-6a39bbd7c38b} aComponent={HostWrap} aText={VirtualBox is not currently allowed to access USB devices.  You can change this by adding your user to the 'vboxusers' group.  Please see the user manual for a more detailed explanation}, preserve=true  aResultDetail=0
00:47:35.859589 nspr-2   Saving settings file "/home/n30/.config/VirtualBox/VirtualBox.xml" with version "1.12-linux"
00:47:35.877188 nspr-3   Saving settings file "/home/n30/.config/VirtualBox/VirtualBox.xml" with version "1.12-linux"
00:47:41.419384 main     VirtualBox: object deletion starts
00:47:41.422391 main     ERROR [COM]: aRC=VBOX_E_OBJECT_IN_USE (0x80bb000c) aIID={ad47ad09-787b-44ab-b343-a082a3f2dfb1} aComponent={MediumWrap} aText={Medium '/home/n30/VirtualBox VMs/Ubuntu/Ubuntu.vdi' cannot be closed because it is still attached to 1 virtual machines}, preserve=false aResultDetail=0
00:47:41.426262 main     HostDnsMonitor: shutting down ...
00:47:41.437629 main     HostDnsMonitor: shut down
00:47:41.830174 Watcher  ERROR [COM]: aRC=E_ACCESSDENIED (0x80070005) aIID={d0a0163f-e254-4e5b-a1f2-011cf991c38d} aComponent={VirtualBoxWrap} aText={The object is not ready}, preserve=false aResultDetail=0
00:47:46.437738 main     {00007faf48018c40} HostPowerServiceLinux::~HostPowerServiceLinux: RTThreadWait() for 5000 ms failed with VERR_TIMEOUT
00:47:46.441831 main     VirtualBox: object deleted
