[2021-03-10 23:20:17.427] [exthost] [info] extension host started
[2021-03-10 23:20:17.596] [exthost] [info] ExtensionService#_doActivateExtension vscode.microsoft-authentication {"startup":false,"extensionId":{"value":"vscode.microsoft-authentication","_lower":"vscode.microsoft-authentication"},"activationEvent":"onAuthenticationRequest:microsoft"}
[2021-03-10 23:20:17.596] [exthost] [info] ExtensionService#loadCommonJSModule file:///opt/visual-studio-code/resources/app/extensions/microsoft-authentication/dist/extension.js
[2021-03-10 23:20:17.605] [exthost] [info] ExtensionService#_doActivateExtension ms-toolsai.jupyter {"startup":false,"extensionId":{"value":"ms-toolsai.jupyter","_lower":"ms-toolsai.jupyter"},"activationEvent":"onLanguage:python"}
[2021-03-10 23:20:17.605] [exthost] [info] ExtensionService#loadCommonJSModule file:///home/n30/.vscode/extensions/ms-toolsai.jupyter-2021.2.603412351/out/client/extension
[2021-03-10 23:20:17.875] [exthost] [info] ExtensionService#_doActivateExtension VisualStudioExptTeam.vscodeintellicode {"startup":false,"extensionId":{"value":"VisualStudioExptTeam.vscodeintellicode","_lower":"visualstudioexptteam.vscodeintellicode"},"activationEvent":"onLanguage:python"}
[2021-03-10 23:20:17.875] [exthost] [info] ExtensionService#loadCommonJSModule file:///home/n30/.vscode/extensions/visualstudioexptteam.vscodeintellicode-1.2.11/dist/intellicode
[2021-03-10 23:20:17.989] [exthost] [info] ExtensionService#_doActivateExtension vscode.debug-auto-launch {"startup":true,"extensionId":{"value":"vscode.debug-auto-launch","_lower":"vscode.debug-auto-launch"},"activationEvent":"*"}
[2021-03-10 23:20:17.989] [exthost] [info] ExtensionService#loadCommonJSModule file:///opt/visual-studio-code/resources/app/extensions/debug-auto-launch/dist/extension
[2021-03-10 23:20:17.992] [exthost] [info] ExtensionService#_doActivateExtension vscode.git {"startup":true,"extensionId":{"value":"vscode.github","_lower":"vscode.github"},"activationEvent":"*"}
[2021-03-10 23:20:17.992] [exthost] [info] ExtensionService#loadCommonJSModule file:///opt/visual-studio-code/resources/app/extensions/git/dist/main
[2021-03-10 23:20:18.013] [exthost] [info] ExtensionService#_doActivateExtension CoenraadS.bracket-pair-colorizer-2 {"startup":true,"extensionId":{"value":"CoenraadS.bracket-pair-colorizer-2","_lower":"coenraads.bracket-pair-colorizer-2"},"activationEvent":"*"}
[2021-03-10 23:20:18.013] [exthost] [info] ExtensionService#loadCommonJSModule file:///home/n30/.vscode/extensions/coenraads.bracket-pair-colorizer-2-0.2.0/out/src/extension
[2021-03-10 23:20:18.046] [exthost] [info] ExtensionService#_doActivateExtension kisstkondoros.vscode-gutter-preview {"startup":true,"extensionId":{"value":"kisstkondoros.vscode-gutter-preview","_lower":"kisstkondoros.vscode-gutter-preview"},"activationEvent":"*"}
[2021-03-10 23:20:18.046] [exthost] [info] ExtensionService#loadCommonJSModule file:///home/n30/.vscode/extensions/kisstkondoros.vscode-gutter-preview-0.26.2/dist/extension
[2021-03-10 23:20:18.060] [exthost] [info] ExtensionService#_doActivateExtension oderwat.indent-rainbow {"startup":true,"extensionId":{"value":"oderwat.indent-rainbow","_lower":"oderwat.indent-rainbow"},"activationEvent":"*"}
[2021-03-10 23:20:18.060] [exthost] [info] ExtensionService#loadCommonJSModule file:///home/n30/.vscode/extensions/oderwat.indent-rainbow-7.5.0/out/extension
[2021-03-10 23:20:18.062] [exthost] [info] ExtensionService#_doActivateExtension orepor.color-tabs-vscode-ext {"startup":true,"extensionId":{"value":"orepor.color-tabs-vscode-ext","_lower":"orepor.color-tabs-vscode-ext"},"activationEvent":"*"}
[2021-03-10 23:20:18.062] [exthost] [info] ExtensionService#loadCommonJSModule file:///home/n30/.vscode/extensions/orepor.color-tabs-vscode-ext-0.12.1/out/extension
[2021-03-10 23:20:18.071] [exthost] [info] ExtensionService#_doActivateExtension PKief.material-icon-theme {"startup":true,"extensionId":{"value":"PKief.material-icon-theme","_lower":"pkief.material-icon-theme"},"activationEvent":"*"}
[2021-03-10 23:20:18.071] [exthost] [info] ExtensionService#loadCommonJSModule file:///home/n30/.vscode/extensions/pkief.material-icon-theme-4.5.0/dist/extension
[2021-03-10 23:20:18.082] [exthost] [info] ExtensionService#_doActivateExtension ritwickdey.LiveServer {"startup":true,"extensionId":{"value":"ritwickdey.LiveServer","_lower":"ritwickdey.liveserver"},"activationEvent":"*"}
[2021-03-10 23:20:18.082] [exthost] [info] ExtensionService#loadCommonJSModule file:///home/n30/.vscode/extensions/ritwickdey.liveserver-5.6.1/out/src/extension
[2021-03-10 23:20:18.584] [exthost] [info] ExtensionService#_doActivateExtension WakaTime.vscode-wakatime {"startup":true,"extensionId":{"value":"WakaTime.vscode-wakatime","_lower":"wakatime.vscode-wakatime"},"activationEvent":"*"}
[2021-03-10 23:20:18.584] [exthost] [info] ExtensionService#loadCommonJSModule file:///home/n30/.vscode/extensions/wakatime.vscode-wakatime-5.0.1/dist/extension
[2021-03-10 23:20:18.611] [exthost] [info] ExtensionService#_doActivateExtension WallabyJs.quokka-vscode {"startup":true,"extensionId":{"value":"WallabyJs.quokka-vscode","_lower":"wallabyjs.quokka-vscode"},"activationEvent":"*"}
[2021-03-10 23:20:18.612] [exthost] [info] ExtensionService#loadCommonJSModule file:///home/n30/.vscode/extensions/wallabyjs.quokka-vscode-1.0.345/index
[2021-03-10 23:20:18.613] [exthost] [info] ExtensionService#_doActivateExtension Yummygum.city-lights-icon-vsc {"startup":true,"extensionId":{"value":"Yummygum.city-lights-icon-vsc","_lower":"yummygum.city-lights-icon-vsc"},"activationEvent":"*"}
[2021-03-10 23:20:18.613] [exthost] [info] ExtensionService#loadCommonJSModule file:///home/n30/.vscode/extensions/yummygum.city-lights-icon-vsc-1.1.3/out/src/extension
[2021-03-10 23:20:19.488] [exthost] [info] ExtensionService#_doActivateExtension vscode.github {"startup":true,"extensionId":{"value":"vscode.github","_lower":"vscode.github"},"activationEvent":"*"}
[2021-03-10 23:20:19.489] [exthost] [info] ExtensionService#loadCommonJSModule file:///opt/visual-studio-code/resources/app/extensions/github/dist/extension.js
[2021-03-10 23:20:19.566] [exthost] [info] eager extensions activated
[2021-03-10 23:20:19.701] [exthost] [info] ExtensionService#_doActivateExtension ms-vscode.js-debug {"startup":false,"extensionId":{"value":"ms-vscode.js-debug","_lower":"ms-vscode.js-debug"},"activationEvent":"onCommand:extension.js-debug.clearAutoAttachVariables"}
[2021-03-10 23:20:19.701] [exthost] [info] ExtensionService#loadCommonJSModule file:///opt/visual-studio-code/resources/app/extensions/ms-vscode.js-debug/src/extension.js
[2021-03-10 23:20:19.816] [exthost] [info] ExtensionService#_doActivateExtension vscode.emmet {"startup":false,"extensionId":{"value":"vscode.emmet","_lower":"vscode.emmet"},"activationEvent":"onStartupFinished"}
[2021-03-10 23:20:19.816] [exthost] [info] ExtensionService#loadCommonJSModule file:///opt/visual-studio-code/resources/app/extensions/emmet/dist/node/emmetNodeMain
[2021-03-10 23:20:19.829] [exthost] [info] ExtensionService#_doActivateExtension vscode.merge-conflict {"startup":false,"extensionId":{"value":"vscode.merge-conflict","_lower":"vscode.merge-conflict"},"activationEvent":"onStartupFinished"}
[2021-03-10 23:20:19.829] [exthost] [info] ExtensionService#loadCommonJSModule file:///opt/visual-studio-code/resources/app/extensions/merge-conflict/dist/mergeConflictMain
[2021-03-10 23:20:19.835] [exthost] [info] ExtensionService#_doActivateExtension vscode.testing-editor-contributions {"startup":false,"extensionId":{"value":"vscode.testing-editor-contributions","_lower":"vscode.testing-editor-contributions"},"activationEvent":"onStartupFinished"}
[2021-03-10 23:20:19.835] [exthost] [info] ExtensionService#loadCommonJSModule file:///opt/visual-studio-code/resources/app/extensions/testing-editor-contributions/dist/extension.js
[2021-03-10 23:20:19.842] [exthost] [info] ExtensionService#_doActivateExtension esbenp.prettier-vscode {"startup":false,"extensionId":{"value":"esbenp.prettier-vscode","_lower":"esbenp.prettier-vscode"},"activationEvent":"onStartupFinished"}
[2021-03-10 23:20:19.843] [exthost] [info] ExtensionService#loadCommonJSModule file:///home/n30/.vscode/extensions/esbenp.prettier-vscode-5.9.2/dist/extension
[2021-03-10 23:20:19.943] [exthost] [info] ExtensionService#_doActivateExtension Gruntfuggly.todo-tree {"startup":false,"extensionId":{"value":"Gruntfuggly.todo-tree","_lower":"gruntfuggly.todo-tree"},"activationEvent":"onStartupFinished"}
[2021-03-10 23:20:19.943] [exthost] [info] ExtensionService#loadCommonJSModule file:///home/n30/.vscode/extensions/gruntfuggly.todo-tree-0.0.201/dist/extension
[2021-03-10 23:20:19.967] [exthost] [info] ExtensionService#_doActivateExtension softwaredotcom.swdc-vscode {"startup":false,"extensionId":{"value":"softwaredotcom.swdc-vscode","_lower":"softwaredotcom.swdc-vscode"},"activationEvent":"onStartupFinished"}
[2021-03-10 23:20:19.968] [exthost] [info] ExtensionService#loadCommonJSModule file:///home/n30/.vscode/extensions/softwaredotcom.swdc-vscode-2.5.3/dist/extension
[2021-03-10 23:20:20.079] [exthost] [info] ExtensionService#_doActivateExtension ms-python.python {"startup":false,"extensionId":{"value":"ms-toolsai.jupyter","_lower":"ms-toolsai.jupyter"},"activationEvent":"api"}
[2021-03-10 23:20:20.079] [exthost] [info] ExtensionService#loadCommonJSModule file:///home/n30/.vscode/extensions/ms-python.python-2021.2.625869727/out/client/extension
[2021-03-10 23:20:20.672] [exthost] [info] ExtensionService#_doActivateExtension vscode.github-authentication {"startup":false,"extensionId":{"value":"vscode.github-authentication","_lower":"vscode.github-authentication"},"activationEvent":"onAuthenticationRequest:github"}
[2021-03-10 23:20:20.672] [exthost] [info] ExtensionService#loadCommonJSModule file:///opt/visual-studio-code/resources/app/extensions/github-authentication/dist/extension.js
[2021-03-10 23:20:23.287] [exthost] [info] ExtensionService#_doActivateExtension ms-python.vscode-pylance {"startup":false,"extensionId":{"value":"ms-python.python","_lower":"ms-python.python"},"activationEvent":"api"}
[2021-03-10 23:20:23.287] [exthost] [info] ExtensionService#loadCommonJSModule file:///home/n30/.vscode/extensions/ms-python.vscode-pylance-2021.3.0/dist/extension.bundle.js
[2021-03-10 23:20:26.657] [exthost] [info] ExtensionService#_doActivateExtension vscode.configuration-editing {"startup":false,"extensionId":{"value":"vscode.configuration-editing","_lower":"vscode.configuration-editing"},"activationEvent":"onLanguage:json"}
[2021-03-10 23:20:26.658] [exthost] [info] ExtensionService#loadCommonJSModule file:///opt/visual-studio-code/resources/app/extensions/configuration-editing/dist/configurationEditingMain
[2021-03-10 23:20:26.661] [exthost] [info] ExtensionService#_doActivateExtension vscode.extension-editing {"startup":false,"extensionId":{"value":"vscode.extension-editing","_lower":"vscode.extension-editing"},"activationEvent":"onLanguage:json"}
[2021-03-10 23:20:26.661] [exthost] [info] ExtensionService#loadCommonJSModule file:///opt/visual-studio-code/resources/app/extensions/extension-editing/dist/extensionEditingMain
[2021-03-10 23:20:26.680] [exthost] [info] ExtensionService#_doActivateExtension vscode.json-language-features {"startup":false,"extensionId":{"value":"vscode.json-language-features","_lower":"vscode.json-language-features"},"activationEvent":"onLanguage:json"}
[2021-03-10 23:20:26.680] [exthost] [info] ExtensionService#loadCommonJSModule file:///opt/visual-studio-code/resources/app/extensions/json-language-features/client/dist/node/jsonClientMain
[2021-03-10 23:20:26.702] [exthost] [info] ExtensionService#_doActivateExtension vscode.npm {"startup":false,"extensionId":{"value":"vscode.npm","_lower":"vscode.npm"},"activationEvent":"onLanguage:json"}
[2021-03-10 23:20:26.702] [exthost] [info] ExtensionService#loadCommonJSModule file:///opt/visual-studio-code/resources/app/extensions/npm/dist/npmMain
[2021-03-10 23:20:26.874] [exthost] [error] [ms-python.python] provider FAILED
[2021-03-10 23:20:26.874] [exthost] [error] Canceled: Canceled
	at E.makeCancelError (/home/n30/.dotfiles/.vscode/extensions/ms-python.python-2021.2.625869727/out/client/extension.js:9:175214)
	at E.handleFailedRequest (/home/n30/.dotfiles/.vscode/extensions/ms-python.python-2021.2.625869727/out/client/extension.js:9:175065)
	at /home/n30/.dotfiles/.vscode/extensions/ms-python.python-2021.2.625869727/out/client/extension.js:9:140219
[2021-03-10 23:54:58.021] [exthost] [info] ExtensionService#_doActivateExtension vscode.typescript-language-features {"startup":false,"extensionId":{"value":"vscode.typescript-language-features","_lower":"vscode.typescript-language-features"},"activationEvent":"onLanguage:jsonc"}
[2021-03-10 23:54:58.021] [exthost] [info] ExtensionService#loadCommonJSModule file:///opt/visual-studio-code/resources/app/extensions/typescript-language-features/dist/extension
[2021-03-11 03:37:10.338] [exthost] [info] extension host terminating: parent process 33384 does not exist anymore: kill ESRCH (code: ESRCH) (errno: ESRCH)
[2021-03-11 03:37:11.361] [exthost] [info] exiting with code 0
