User belongs to experiment group 'pythonaa'
User belongs to experiment group 'pythonJoinMailingListVar2'
User belongs to experiment group 'pythonSendEntireLineToREPL'
User belongs to experiment group 'pythonNotDisplayLinterPrompt'
User belongs to experiment group 'pythonTensorboardExperiment'
User belongs to experiment group 'CollectLSRequestTiming - control'
User belongs to experiment group 'CollectNodeLSRequestTiming - experiment'
> conda --version
> pyenv root
> python3.7 ~/.dotfiles/.vscode/extensions/ms-python.python-2021.2.633441544/pythonFiles/pyvsc-run-isolated.py -c "import sys;print(sys.executable)"
> python3.6 ~/.dotfiles/.vscode/extensions/ms-python.python-2021.2.633441544/pythonFiles/pyvsc-run-isolated.py -c "import sys;print(sys.executable)"
> python3 ~/.dotfiles/.vscode/extensions/ms-python.python-2021.2.633441544/pythonFiles/pyvsc-run-isolated.py -c "import sys;print(sys.executable)"
> python2 ~/.dotfiles/.vscode/extensions/ms-python.python-2021.2.633441544/pythonFiles/pyvsc-run-isolated.py -c "import sys;print(sys.executable)"
> python ~/.dotfiles/.vscode/extensions/ms-python.python-2021.2.633441544/pythonFiles/pyvsc-run-isolated.py -c "import sys;print(sys.executable)"
> python ~/.dotfiles/.vscode/extensions/ms-python.python-2021.2.633441544/pythonFiles/pyvsc-run-isolated.py -c "import sys;print(sys.executable)"
> conda info --json
> python ~/.dotfiles/.vscode/extensions/ms-python.python-2021.2.633441544/pythonFiles/pyvsc-run-isolated.py -c "import sys;print(sys.executable)"
> python ~/.dotfiles/.vscode/extensions/ms-python.python-2021.2.633441544/pythonFiles/pyvsc-run-isolated.py -c "import sys;print(sys.executable)"
> python ~/.dotfiles/.vscode/extensions/ms-python.python-2021.2.633441544/pythonFiles/pyvsc-run-isolated.py -c "import sys;print(sys.executable)"
> python ~/.dotfiles/.vscode/extensions/ms-python.python-2021.2.633441544/pythonFiles/pyvsc-run-isolated.py -c "import sys;print(sys.executable)"
> pyenv root
> pyenv root
> pyenv root
Starting Pylance language server.
Python interpreter path: /usr/bin/python
> conda --version
> /usr/bin/python ~/.dotfiles/.vscode/extensions/ms-python.python-2021.2.633441544/pythonFiles/pyvsc-run-isolated.py autopep8 --diff ~/Downloads/SL/shoppingcart_detect.py.296a2c62f96130ac08f245d06dfac96a.tmp
cwd: ~/Downloads/SL
> /usr/bin/python ~/.dotfiles/.vscode/extensions/ms-python.python-2021.2.633441544/pythonFiles/pyvsc-run-isolated.py autopep8 --diff ~/Downloads/SL/shoppingcart_detect.py.296a2c62f96130ac08f245d06dfac96a.tmp
cwd: ~/Downloads/SL
> /usr/bin/python ~/.dotfiles/.vscode/extensions/ms-python.python-2021.2.633441544/pythonFiles/pyvsc-run-isolated.py autopep8 --diff ~/Downloads/SL/shoppingcart_detect.py.296a2c62f96130ac08f245d06dfac96a.tmp
cwd: ~/Downloads/SL
> /usr/bin/python ~/.dotfiles/.vscode/extensions/ms-python.python-2021.2.633441544/pythonFiles/pyvsc-run-isolated.py autopep8 --diff ~/Downloads/SL/shoppingcart_detect.py.296a2c62f96130ac08f245d06dfac96a.tmp
cwd: ~/Downloads/SL
> /usr/bin/python ~/.dotfiles/.vscode/extensions/ms-python.python-2021.2.633441544/pythonFiles/pyvsc-run-isolated.py autopep8 --diff ~/Downloads/SL/shoppingcart_detect.py.296a2c62f96130ac08f245d06dfac96a.tmp
cwd: ~/Downloads/SL
> /usr/bin/python ~/.dotfiles/.vscode/extensions/ms-python.python-2021.2.633441544/pythonFiles/pyvsc-run-isolated.py autopep8 --diff ~/Downloads/SL/shoppingcart_detect.py.296a2c62f96130ac08f245d06dfac96a.tmp
cwd: ~/Downloads/SL
