User belongs to experiment group 'pythonaa'
User belongs to experiment group 'pythonSendEntireLineToREPL'
User belongs to experiment group 'pythonNotDisplayLinterPrompt'
User belongs to experiment group 'pythonTensorboardExperiment'
User belongs to experiment group 'ShowPlayIcon - start'
User belongs to experiment group 'ShowExtensionSurveyPrompt - enabled'
User belongs to experiment group 'DebugAdapterFactory - experiment'
User belongs to experiment group 'PtvsdWheels37 - experiment'
User belongs to experiment group 'UseTerminalToGetActivatedEnvVars - control'
User belongs to experiment group 'AA_testing - experiment'
User belongs to experiment group 'CollectLSRequestTiming - control'
User belongs to experiment group 'CollectNodeLSRequestTiming - experiment'
User belongs to experiment group 'RunByLine - experiment'
> pyenv root
> conda --version
> python3.7 ~/.dotfiles/.vscode/extensions/ms-python.python-2021.2.625869727/pythonFiles/pyvsc-run-isolated.py -c "import sys;print(sys.executable)"
> python3.6 ~/.dotfiles/.vscode/extensions/ms-python.python-2021.2.625869727/pythonFiles/pyvsc-run-isolated.py -c "import sys;print(sys.executable)"
> python ~/.dotfiles/.vscode/extensions/ms-python.python-2021.2.625869727/pythonFiles/pyvsc-run-isolated.py -c "import sys;print(sys.executable)"
> python2 ~/.dotfiles/.vscode/extensions/ms-python.python-2021.2.625869727/pythonFiles/pyvsc-run-isolated.py -c "import sys;print(sys.executable)"
> python ~/.dotfiles/.vscode/extensions/ms-python.python-2021.2.625869727/pythonFiles/pyvsc-run-isolated.py -c "import sys;print(sys.executable)"
> python3 ~/.dotfiles/.vscode/extensions/ms-python.python-2021.2.625869727/pythonFiles/pyvsc-run-isolated.py -c "import sys;print(sys.executable)"
> conda info --json
> python ~/.dotfiles/.vscode/extensions/ms-python.python-2021.2.625869727/pythonFiles/pyvsc-run-isolated.py -c "import sys;print(sys.executable)"
> python ~/.dotfiles/.vscode/extensions/ms-python.python-2021.2.625869727/pythonFiles/pyvsc-run-isolated.py -c "import sys;print(sys.executable)"
> python ~/.dotfiles/.vscode/extensions/ms-python.python-2021.2.625869727/pythonFiles/pyvsc-run-isolated.py -c "import sys;print(sys.executable)"
> python ~/.dotfiles/.vscode/extensions/ms-python.python-2021.2.625869727/pythonFiles/pyvsc-run-isolated.py -c "import sys;print(sys.executable)"
> pyenv root
> pyenv root
> pyenv root
> pyenv root
> pyenv root
Python interpreter path: /usr/bin/python
Starting Pylance language server.
> conda --version
> /usr/bin/python ~/.dotfiles/.vscode/extensions/ms-python.python-2021.2.625869727/pythonFiles/pyvsc-run-isolated.py autopep8 --diff ~/Downloads/amz_code.py.76c716e71c24f34ae53a289cee753f1b.tmp
cwd: /run/media/n30/Jarvis/Work/Soft_dev/python-fast_api-CRUD
> /usr/bin/python ~/.dotfiles/.vscode/extensions/ms-python.python-2021.2.625869727/pythonFiles/pyvsc-run-isolated.py autopep8 --diff ~/Downloads/amz_code.py.76c716e71c24f34ae53a289cee753f1b.tmp
cwd: /run/media/n30/Jarvis/Work/Soft_dev/python-fast_api-CRUD
> /usr/bin/python ~/.dotfiles/.vscode/extensions/ms-python.python-2021.2.625869727/pythonFiles/pyvsc-run-isolated.py autopep8 --diff ~/Downloads/amz_code.py.76c716e71c24f34ae53a289cee753f1b.tmp
cwd: /run/media/n30/Jarvis/Work/Soft_dev/python-fast_api-CRUD
> /usr/bin/python ~/.dotfiles/.vscode/extensions/ms-python.python-2021.2.625869727/pythonFiles/pyvsc-run-isolated.py autopep8 --diff ~/Downloads/amz_code.py.76c716e71c24f34ae53a289cee753f1b.tmp
cwd: /run/media/n30/Jarvis/Work/Soft_dev/python-fast_api-CRUD
