[2021-03-07 12:03:37.456] [exthost] [info] extension host started
[2021-03-07 12:03:37.519] [exthost] [info] ExtensionService#_doActivateExtension vscode.microsoft-authentication {"startup":false,"extensionId":{"value":"vscode.microsoft-authentication","_lower":"vscode.microsoft-authentication"},"activationEvent":"onAuthenticationRequest:microsoft"}
[2021-03-07 12:03:37.519] [exthost] [info] ExtensionService#loadCommonJSModule file:///opt/visual-studio-code/resources/app/extensions/microsoft-authentication/dist/extension.js
[2021-03-07 12:03:37.529] [exthost] [info] ExtensionService#_doActivateExtension vscode.configuration-editing {"startup":false,"extensionId":{"value":"vscode.configuration-editing","_lower":"vscode.configuration-editing"},"activationEvent":"onLanguage:jsonc"}
[2021-03-07 12:03:37.529] [exthost] [info] ExtensionService#loadCommonJSModule file:///opt/visual-studio-code/resources/app/extensions/configuration-editing/dist/configurationEditingMain
[2021-03-07 12:03:37.533] [exthost] [info] ExtensionService#_doActivateExtension vscode.json-language-features {"startup":false,"extensionId":{"value":"vscode.json-language-features","_lower":"vscode.json-language-features"},"activationEvent":"onLanguage:jsonc"}
[2021-03-07 12:03:37.533] [exthost] [info] ExtensionService#loadCommonJSModule file:///opt/visual-studio-code/resources/app/extensions/json-language-features/client/dist/node/jsonClientMain
[2021-03-07 12:03:37.551] [exthost] [info] ExtensionService#_doActivateExtension vscode.typescript-language-features {"startup":false,"extensionId":{"value":"vscode.typescript-language-features","_lower":"vscode.typescript-language-features"},"activationEvent":"onLanguage:jsonc"}
[2021-03-07 12:03:37.551] [exthost] [info] ExtensionService#loadCommonJSModule file:///opt/visual-studio-code/resources/app/extensions/typescript-language-features/dist/extension
[2021-03-07 12:03:37.564] [exthost] [info] ExtensionService#_doActivateExtension vscode.debug-auto-launch {"startup":true,"extensionId":{"value":"vscode.debug-auto-launch","_lower":"vscode.debug-auto-launch"},"activationEvent":"*"}
[2021-03-07 12:03:37.564] [exthost] [info] ExtensionService#loadCommonJSModule file:///opt/visual-studio-code/resources/app/extensions/debug-auto-launch/dist/extension
[2021-03-07 12:03:37.567] [exthost] [info] ExtensionService#_doActivateExtension vscode.git {"startup":true,"extensionId":{"value":"vscode.github","_lower":"vscode.github"},"activationEvent":"*"}
[2021-03-07 12:03:37.567] [exthost] [info] ExtensionService#loadCommonJSModule file:///opt/visual-studio-code/resources/app/extensions/git/dist/main
[2021-03-07 12:03:37.588] [exthost] [info] ExtensionService#_doActivateExtension CoenraadS.bracket-pair-colorizer-2 {"startup":true,"extensionId":{"value":"CoenraadS.bracket-pair-colorizer-2","_lower":"coenraads.bracket-pair-colorizer-2"},"activationEvent":"*"}
[2021-03-07 12:03:37.588] [exthost] [info] ExtensionService#loadCommonJSModule file:///home/n30/.vscode/extensions/coenraads.bracket-pair-colorizer-2-0.2.0/out/src/extension
[2021-03-07 12:03:37.614] [exthost] [info] ExtensionService#_doActivateExtension kisstkondoros.vscode-gutter-preview {"startup":true,"extensionId":{"value":"kisstkondoros.vscode-gutter-preview","_lower":"kisstkondoros.vscode-gutter-preview"},"activationEvent":"*"}
[2021-03-07 12:03:37.614] [exthost] [info] ExtensionService#loadCommonJSModule file:///home/n30/.vscode/extensions/kisstkondoros.vscode-gutter-preview-0.26.2/dist/extension
[2021-03-07 12:03:37.626] [exthost] [info] ExtensionService#_doActivateExtension oderwat.indent-rainbow {"startup":true,"extensionId":{"value":"oderwat.indent-rainbow","_lower":"oderwat.indent-rainbow"},"activationEvent":"*"}
[2021-03-07 12:03:37.626] [exthost] [info] ExtensionService#loadCommonJSModule file:///home/n30/.vscode/extensions/oderwat.indent-rainbow-7.5.0/out/extension
[2021-03-07 12:03:37.628] [exthost] [info] ExtensionService#_doActivateExtension orepor.color-tabs-vscode-ext {"startup":true,"extensionId":{"value":"orepor.color-tabs-vscode-ext","_lower":"orepor.color-tabs-vscode-ext"},"activationEvent":"*"}
[2021-03-07 12:03:37.628] [exthost] [info] ExtensionService#loadCommonJSModule file:///home/n30/.vscode/extensions/orepor.color-tabs-vscode-ext-0.12.1/out/extension
[2021-03-07 12:03:37.637] [exthost] [info] ExtensionService#_doActivateExtension PKief.material-icon-theme {"startup":true,"extensionId":{"value":"PKief.material-icon-theme","_lower":"pkief.material-icon-theme"},"activationEvent":"*"}
[2021-03-07 12:03:37.637] [exthost] [info] ExtensionService#loadCommonJSModule file:///home/n30/.vscode/extensions/pkief.material-icon-theme-4.5.0/dist/extension
[2021-03-07 12:03:37.647] [exthost] [info] ExtensionService#_doActivateExtension ritwickdey.LiveServer {"startup":true,"extensionId":{"value":"ritwickdey.LiveServer","_lower":"ritwickdey.liveserver"},"activationEvent":"*"}
[2021-03-07 12:03:37.647] [exthost] [info] ExtensionService#loadCommonJSModule file:///home/n30/.vscode/extensions/ritwickdey.liveserver-5.6.1/out/src/extension
[2021-03-07 12:03:38.161] [exthost] [info] ExtensionService#_doActivateExtension WakaTime.vscode-wakatime {"startup":true,"extensionId":{"value":"WakaTime.vscode-wakatime","_lower":"wakatime.vscode-wakatime"},"activationEvent":"*"}
[2021-03-07 12:03:38.161] [exthost] [info] ExtensionService#loadCommonJSModule file:///home/n30/.vscode/extensions/wakatime.vscode-wakatime-5.0.1/dist/extension
[2021-03-07 12:03:38.230] [exthost] [info] ExtensionService#_doActivateExtension WallabyJs.quokka-vscode {"startup":true,"extensionId":{"value":"WallabyJs.quokka-vscode","_lower":"wallabyjs.quokka-vscode"},"activationEvent":"*"}
[2021-03-07 12:03:38.230] [exthost] [info] ExtensionService#loadCommonJSModule file:///home/n30/.vscode/extensions/wallabyjs.quokka-vscode-1.0.345/index
[2021-03-07 12:03:38.233] [exthost] [info] ExtensionService#_doActivateExtension Yummygum.city-lights-icon-vsc {"startup":true,"extensionId":{"value":"Yummygum.city-lights-icon-vsc","_lower":"yummygum.city-lights-icon-vsc"},"activationEvent":"*"}
[2021-03-07 12:03:38.233] [exthost] [info] ExtensionService#loadCommonJSModule file:///home/n30/.vscode/extensions/yummygum.city-lights-icon-vsc-1.1.3/out/src/extension
[2021-03-07 12:03:38.539] [exthost] [info] ExtensionService#_doActivateExtension vscode.github {"startup":true,"extensionId":{"value":"vscode.github","_lower":"vscode.github"},"activationEvent":"*"}
[2021-03-07 12:03:38.539] [exthost] [info] ExtensionService#loadCommonJSModule file:///opt/visual-studio-code/resources/app/extensions/github/dist/extension.js
[2021-03-07 12:03:38.631] [exthost] [info] eager extensions activated
[2021-03-07 12:03:38.639] [exthost] [info] ExtensionService#_doActivateExtension ms-vscode.js-debug {"startup":false,"extensionId":{"value":"ms-vscode.js-debug","_lower":"ms-vscode.js-debug"},"activationEvent":"onCommand:extension.js-debug.clearAutoAttachVariables"}
[2021-03-07 12:03:38.640] [exthost] [info] ExtensionService#loadCommonJSModule file:///opt/visual-studio-code/resources/app/extensions/ms-vscode.js-debug/src/extension.js
[2021-03-07 12:03:38.768] [exthost] [info] ExtensionService#_doActivateExtension vscode.emmet {"startup":false,"extensionId":{"value":"vscode.emmet","_lower":"vscode.emmet"},"activationEvent":"onStartupFinished"}
[2021-03-07 12:03:38.768] [exthost] [info] ExtensionService#loadCommonJSModule file:///opt/visual-studio-code/resources/app/extensions/emmet/dist/node/emmetNodeMain
[2021-03-07 12:03:38.777] [exthost] [info] ExtensionService#_doActivateExtension vscode.merge-conflict {"startup":false,"extensionId":{"value":"vscode.merge-conflict","_lower":"vscode.merge-conflict"},"activationEvent":"onStartupFinished"}
[2021-03-07 12:03:38.778] [exthost] [info] ExtensionService#loadCommonJSModule file:///opt/visual-studio-code/resources/app/extensions/merge-conflict/dist/mergeConflictMain
[2021-03-07 12:03:38.785] [exthost] [info] ExtensionService#_doActivateExtension vscode.testing-editor-contributions {"startup":false,"extensionId":{"value":"vscode.testing-editor-contributions","_lower":"vscode.testing-editor-contributions"},"activationEvent":"onStartupFinished"}
[2021-03-07 12:03:38.785] [exthost] [info] ExtensionService#loadCommonJSModule file:///opt/visual-studio-code/resources/app/extensions/testing-editor-contributions/dist/extension.js
[2021-03-07 12:03:38.789] [exthost] [info] ExtensionService#_doActivateExtension esbenp.prettier-vscode {"startup":false,"extensionId":{"value":"esbenp.prettier-vscode","_lower":"esbenp.prettier-vscode"},"activationEvent":"onStartupFinished"}
[2021-03-07 12:03:38.789] [exthost] [info] ExtensionService#loadCommonJSModule file:///home/n30/.vscode/extensions/esbenp.prettier-vscode-5.9.2/dist/extension
[2021-03-07 12:03:38.852] [exthost] [info] ExtensionService#_doActivateExtension Gruntfuggly.todo-tree {"startup":false,"extensionId":{"value":"Gruntfuggly.todo-tree","_lower":"gruntfuggly.todo-tree"},"activationEvent":"onStartupFinished"}
[2021-03-07 12:03:38.852] [exthost] [info] ExtensionService#loadCommonJSModule file:///home/n30/.vscode/extensions/gruntfuggly.todo-tree-0.0.201/dist/extension
[2021-03-07 12:03:38.874] [exthost] [info] ExtensionService#_doActivateExtension softwaredotcom.swdc-vscode {"startup":false,"extensionId":{"value":"softwaredotcom.swdc-vscode","_lower":"softwaredotcom.swdc-vscode"},"activationEvent":"onStartupFinished"}
[2021-03-07 12:03:38.875] [exthost] [info] ExtensionService#loadCommonJSModule file:///home/n30/.vscode/extensions/softwaredotcom.swdc-vscode-2.5.3/dist/extension
[2021-03-07 12:03:39.093] [exthost] [info] ExtensionService#_doActivateExtension vscode.github-authentication {"startup":false,"extensionId":{"value":"vscode.github-authentication","_lower":"vscode.github-authentication"},"activationEvent":"onAuthenticationRequest:github"}
[2021-03-07 12:03:39.093] [exthost] [info] ExtensionService#loadCommonJSModule file:///opt/visual-studio-code/resources/app/extensions/github-authentication/dist/extension.js
[2021-03-07 12:04:20.922] [exthost] [info] ExtensionService#_doActivateExtension vscode.extension-editing {"startup":false,"extensionId":{"value":"vscode.extension-editing","_lower":"vscode.extension-editing"},"activationEvent":"onLanguage:json"}
[2021-03-07 12:04:20.922] [exthost] [info] ExtensionService#loadCommonJSModule file:///opt/visual-studio-code/resources/app/extensions/extension-editing/dist/extensionEditingMain
[2021-03-07 12:04:20.930] [exthost] [info] ExtensionService#_doActivateExtension vscode.npm {"startup":false,"extensionId":{"value":"vscode.npm","_lower":"vscode.npm"},"activationEvent":"onLanguage:json"}
[2021-03-07 12:04:20.930] [exthost] [info] ExtensionService#loadCommonJSModule file:///opt/visual-studio-code/resources/app/extensions/npm/dist/npmMain
[2021-03-07 12:34:48.993] [exthost] [info] extension host terminating: received terminate message from renderer
[2021-03-07 12:34:50.026] [exthost] [info] exiting with code 0
