[2021-03-01 14:22:28.604] [sharedprocess] [info] Deleted from disk ms-toolsai.jupyter /home/n30/.vscode/extensions/ms-toolsai.jupyter-2021.2.576440691
[2021-03-01 14:23:08.229] [sharedprocess] [info] Starting to clean up unused language packs.
[2021-03-01 14:34:32.151] [sharedprocess] [info] Installing extension: kisstkondoros.vscode-gutter-preview
[2021-03-01 14:34:32.162] [sharedprocess] [info] Downloaded extension: kisstkondoros.vscode-gutter-preview undefined
[2021-03-01 14:34:32.193] [sharedprocess] [info] Extracted extension to /home/n30/.vscode/extensions/.kisstkondoros.vscode-gutter-preview-0.26.2: kisstkondoros.vscode-gutter-preview
[2021-03-01 14:34:32.193] [sharedprocess] [info] Renamed to /home/n30/.vscode/extensions/kisstkondoros.vscode-gutter-preview-0.26.2
[2021-03-01 14:34:32.194] [sharedprocess] [info] Installation completed. kisstkondoros.vscode-gutter-preview
[2021-03-01 14:34:32.198] [sharedprocess] [info] Extensions installed successfully: kisstkondoros.vscode-gutter-preview
[2021-03-01 14:37:15.429] [sharedprocess] [info] Installing extension: vahidk.tensorflow-snippets
[2021-03-01 14:37:19.731] [sharedprocess] [info] Downloaded extension: vahidk.tensorflow-snippets undefined
[2021-03-01 14:37:19.840] [sharedprocess] [info] Extracted extension to /home/n30/.vscode/extensions/.vahidk.tensorflow-snippets-0.3.3: vahidk.tensorflow-snippets
[2021-03-01 14:37:19.841] [sharedprocess] [info] Renamed to /home/n30/.vscode/extensions/vahidk.tensorflow-snippets-0.3.3
[2021-03-01 14:37:19.842] [sharedprocess] [info] Installation completed. vahidk.tensorflow-snippets
[2021-03-01 14:37:19.847] [sharedprocess] [info] Extensions installed successfully: vahidk.tensorflow-snippets
[2021-03-01 14:37:36.717] [sharedprocess] [info] Installing extension: orepor.color-tabs-vscode-ext
[2021-03-01 14:37:37.678] [sharedprocess] [info] Downloaded extension: orepor.color-tabs-vscode-ext undefined
[2021-03-01 14:37:37.738] [sharedprocess] [info] Extracted extension to /home/n30/.vscode/extensions/.orepor.color-tabs-vscode-ext-0.12.1: orepor.color-tabs-vscode-ext
[2021-03-01 14:37:37.739] [sharedprocess] [info] Renamed to /home/n30/.vscode/extensions/orepor.color-tabs-vscode-ext-0.12.1
[2021-03-01 14:37:37.740] [sharedprocess] [info] Installation completed. orepor.color-tabs-vscode-ext
[2021-03-01 14:37:37.744] [sharedprocess] [info] Extensions installed successfully: orepor.color-tabs-vscode-ext
[2021-03-01 14:38:41.336] [sharedprocess] [info] Installing extension: wix.vscode-import-cost
[2021-03-01 14:38:48.197] [sharedprocess] [info] Downloaded extension: wix.vscode-import-cost undefined
[2021-03-01 14:38:53.660] [sharedprocess] [info] Extracted extension to /home/n30/.vscode/extensions/.wix.vscode-import-cost-2.15.0: wix.vscode-import-cost
[2021-03-01 14:38:53.661] [sharedprocess] [info] Renamed to /home/n30/.vscode/extensions/wix.vscode-import-cost-2.15.0
[2021-03-01 14:38:53.664] [sharedprocess] [info] Installation completed. wix.vscode-import-cost
[2021-03-01 14:38:53.670] [sharedprocess] [info] Extensions installed successfully: wix.vscode-import-cost
[2021-03-01 14:39:48.181] [sharedprocess] [info] Installing extension: gruntfuggly.todo-tree
[2021-03-01 14:39:48.919] [sharedprocess] [info] Downloaded extension: gruntfuggly.todo-tree undefined
[2021-03-01 14:39:48.971] [sharedprocess] [info] Extracted extension to /home/n30/.vscode/extensions/.gruntfuggly.todo-tree-0.0.199: gruntfuggly.todo-tree
[2021-03-01 14:39:48.971] [sharedprocess] [info] Renamed to /home/n30/.vscode/extensions/gruntfuggly.todo-tree-0.0.199
[2021-03-01 14:39:48.973] [sharedprocess] [info] Installation completed. gruntfuggly.todo-tree
[2021-03-01 14:39:48.977] [sharedprocess] [info] Extensions installed successfully: gruntfuggly.todo-tree
[2021-03-01 14:40:08.394] [sharedprocess] [info] Installing extension: wakatime.vscode-wakatime
[2021-03-01 14:40:10.967] [sharedprocess] [info] Downloaded extension: wakatime.vscode-wakatime undefined
[2021-03-01 14:40:11.040] [sharedprocess] [info] Extracted extension to /home/n30/.vscode/extensions/.wakatime.vscode-wakatime-5.0.1: wakatime.vscode-wakatime
[2021-03-01 14:40:11.040] [sharedprocess] [info] Renamed to /home/n30/.vscode/extensions/wakatime.vscode-wakatime-5.0.1
[2021-03-01 14:40:11.041] [sharedprocess] [info] Installation completed. wakatime.vscode-wakatime
[2021-03-01 14:40:11.046] [sharedprocess] [info] Extensions installed successfully: wakatime.vscode-wakatime
[2021-03-01 14:45:31.209] [sharedprocess] [info] Installing extension: wwm.better-align
[2021-03-01 14:45:32.420] [sharedprocess] [info] Downloaded extension: wwm.better-align undefined
[2021-03-01 14:45:32.510] [sharedprocess] [info] Extracted extension to /home/n30/.vscode/extensions/.wwm.better-align-1.1.6: wwm.better-align
[2021-03-01 14:45:32.510] [sharedprocess] [info] Renamed to /home/n30/.vscode/extensions/wwm.better-align-1.1.6
[2021-03-01 14:45:32.511] [sharedprocess] [info] Installation completed. wwm.better-align
[2021-03-01 14:45:32.515] [sharedprocess] [info] Extensions installed successfully: wwm.better-align
[2021-03-01 14:48:21.692] [sharedprocess] [info] Installing extension: yummygum.city-lights-icon-vsc
[2021-03-01 14:48:29.041] [sharedprocess] [info] Downloaded extension: yummygum.city-lights-icon-vsc undefined
[2021-03-01 14:48:29.406] [sharedprocess] [info] Extracted extension to /home/n30/.vscode/extensions/.yummygum.city-lights-icon-vsc-1.1.3: yummygum.city-lights-icon-vsc
[2021-03-01 14:48:29.406] [sharedprocess] [info] Renamed to /home/n30/.vscode/extensions/yummygum.city-lights-icon-vsc-1.1.3
[2021-03-01 14:48:29.407] [sharedprocess] [info] Installation completed. yummygum.city-lights-icon-vsc
[2021-03-01 14:48:29.413] [sharedprocess] [info] Extensions installed successfully: yummygum.city-lights-icon-vsc
[2021-03-01 14:48:30.155] [sharedprocess] [info] Installing extension: softwaredotcom.swdc-vscode
[2021-03-01 14:48:31.024] [sharedprocess] [info] Downloaded extension: softwaredotcom.swdc-vscode undefined
[2021-03-01 14:48:31.243] [sharedprocess] [info] Extracted extension to /home/n30/.vscode/extensions/.softwaredotcom.swdc-vscode-2.5.1: softwaredotcom.swdc-vscode
[2021-03-01 14:48:31.243] [sharedprocess] [info] Renamed to /home/n30/.vscode/extensions/softwaredotcom.swdc-vscode-2.5.1
[2021-03-01 14:48:31.244] [sharedprocess] [info] Installation completed. softwaredotcom.swdc-vscode
[2021-03-01 14:48:31.249] [sharedprocess] [info] Extensions installed successfully: softwaredotcom.swdc-vscode
[2021-03-01 14:50:40.381] [sharedprocess] [info] Installing extension: ericadamski.carbon-now-sh
[2021-03-01 14:50:41.122] [sharedprocess] [info] Downloaded extension: ericadamski.carbon-now-sh undefined
[2021-03-01 14:50:41.136] [sharedprocess] [info] Extracted extension to /home/n30/.vscode/extensions/.ericadamski.carbon-now-sh-1.2.0: ericadamski.carbon-now-sh
[2021-03-01 14:50:41.136] [sharedprocess] [info] Renamed to /home/n30/.vscode/extensions/ericadamski.carbon-now-sh-1.2.0
[2021-03-01 14:50:41.138] [sharedprocess] [info] Installation completed. ericadamski.carbon-now-sh
[2021-03-01 14:50:41.142] [sharedprocess] [info] Extensions installed successfully: ericadamski.carbon-now-sh
