[2021-03-05 12:59:16.670] [sharedprocess] [info] Installing extension: gruntfuggly.todo-tree
[2021-03-05 12:59:16.671] [sharedprocess] [info] Installing extension: ms-python.vscode-pylance
[2021-03-05 12:59:16.671] [sharedprocess] [info] Installing extension: pkief.material-product-icons
[2021-03-05 12:59:16.672] [sharedprocess] [info] Installing extension: softwaredotcom.swdc-vscode
[2021-03-05 12:59:16.673] [sharedprocess] [info] Installing extension: wallabyjs.quokka-vscode
[2021-03-05 12:59:17.649] [sharedprocess] [info] Downloaded extension: pkief.material-product-icons undefined
[2021-03-05 12:59:17.686] [sharedprocess] [info] Extracted extension to /home/n30/.vscode/extensions/.pkief.material-product-icons-1.0.2: pkief.material-product-icons
[2021-03-05 12:59:17.687] [sharedprocess] [info] Renamed to /home/n30/.vscode/extensions/pkief.material-product-icons-1.0.2
[2021-03-05 12:59:17.688] [sharedprocess] [info] Installation completed. pkief.material-product-icons
[2021-03-05 12:59:17.695] [sharedprocess] [info] Extensions installed successfully: pkief.material-product-icons
[2021-03-05 12:59:18.736] [sharedprocess] [info] Downloaded extension: gruntfuggly.todo-tree undefined
[2021-03-05 12:59:18.805] [sharedprocess] [info] Extracted extension to /home/n30/.vscode/extensions/.gruntfuggly.todo-tree-0.0.201: gruntfuggly.todo-tree
[2021-03-05 12:59:18.805] [sharedprocess] [info] Renamed to /home/n30/.vscode/extensions/gruntfuggly.todo-tree-0.0.201
[2021-03-05 12:59:18.806] [sharedprocess] [info] Installation completed. gruntfuggly.todo-tree
[2021-03-05 12:59:18.814] [sharedprocess] [info] Extensions installed successfully: gruntfuggly.todo-tree
[2021-03-05 12:59:19.016] [sharedprocess] [info] Downloaded extension: softwaredotcom.swdc-vscode undefined
[2021-03-05 12:59:19.413] [sharedprocess] [info] Extracted extension to /home/n30/.vscode/extensions/.softwaredotcom.swdc-vscode-2.5.3: softwaredotcom.swdc-vscode
[2021-03-05 12:59:19.413] [sharedprocess] [info] Renamed to /home/n30/.vscode/extensions/softwaredotcom.swdc-vscode-2.5.3
[2021-03-05 12:59:19.414] [sharedprocess] [info] Installation completed. softwaredotcom.swdc-vscode
[2021-03-05 12:59:19.424] [sharedprocess] [info] Extensions installed successfully: softwaredotcom.swdc-vscode
[2021-03-05 12:59:23.682] [sharedprocess] [info] Downloaded extension: wallabyjs.quokka-vscode undefined
[2021-03-05 12:59:27.293] [sharedprocess] [info] Downloaded extension: ms-python.vscode-pylance undefined
[2021-03-05 12:59:27.558] [sharedprocess] [info] Extracted extension to /home/n30/.vscode/extensions/.wallabyjs.quokka-vscode-1.0.345: wallabyjs.quokka-vscode
[2021-03-05 12:59:27.559] [sharedprocess] [info] Renamed to /home/n30/.vscode/extensions/wallabyjs.quokka-vscode-1.0.345
[2021-03-05 12:59:27.561] [sharedprocess] [info] Installation completed. wallabyjs.quokka-vscode
[2021-03-05 12:59:27.572] [sharedprocess] [info] Extensions installed successfully: wallabyjs.quokka-vscode
[2021-03-05 12:59:29.855] [sharedprocess] [info] Extracted extension to /home/n30/.vscode/extensions/.ms-python.vscode-pylance-2021.3.0: ms-python.vscode-pylance
[2021-03-05 12:59:29.856] [sharedprocess] [info] Renamed to /home/n30/.vscode/extensions/ms-python.vscode-pylance-2021.3.0
[2021-03-05 12:59:29.858] [sharedprocess] [info] Installation completed. ms-python.vscode-pylance
[2021-03-05 12:59:29.965] [sharedprocess] [info] Extensions installed successfully: ms-python.vscode-pylance
[2021-03-05 12:59:54.263] [sharedprocess] [info] Starting to clean up unused language packs.
