User belongs to experiment group 'pythonaa'
User belongs to experiment group 'pythonSendEntireLineToREPL'
User belongs to experiment group 'pythonNotDisplayLinterPrompt'
User belongs to experiment group 'pythonTensorboardExperiment'
User belongs to experiment group 'ShowPlayIcon - start'
User belongs to experiment group 'ShowExtensionSurveyPrompt - enabled'
User belongs to experiment group 'DebugAdapterFactory - experiment'
User belongs to experiment group 'PtvsdWheels37 - experiment'
User belongs to experiment group 'UseTerminalToGetActivatedEnvVars - control'
User belongs to experiment group 'AA_testing - experiment'
User belongs to experiment group 'CollectLSRequestTiming - control'
User belongs to experiment group 'CollectNodeLSRequestTiming - experiment'
User belongs to experiment group 'RunByLine - experiment'
> conda --version
> pyenv root
> python3.7 ~/.dotfiles/.vscode/extensions/ms-python.python-2021.2.633441544/pythonFiles/pyvsc-run-isolated.py -c "import sys;print(sys.executable)"
> python3.6 ~/.dotfiles/.vscode/extensions/ms-python.python-2021.2.633441544/pythonFiles/pyvsc-run-isolated.py -c "import sys;print(sys.executable)"
> python3 ~/.dotfiles/.vscode/extensions/ms-python.python-2021.2.633441544/pythonFiles/pyvsc-run-isolated.py -c "import sys;print(sys.executable)"
> python2 ~/.dotfiles/.vscode/extensions/ms-python.python-2021.2.633441544/pythonFiles/pyvsc-run-isolated.py -c "import sys;print(sys.executable)"
> python ~/.dotfiles/.vscode/extensions/ms-python.python-2021.2.633441544/pythonFiles/pyvsc-run-isolated.py -c "import sys;print(sys.executable)"
> python ~/.dotfiles/.vscode/extensions/ms-python.python-2021.2.633441544/pythonFiles/pyvsc-run-isolated.py -c "import sys;print(sys.executable)"
> conda info --json
> python ~/.dotfiles/.vscode/extensions/ms-python.python-2021.2.633441544/pythonFiles/pyvsc-run-isolated.py -c "import sys;print(sys.executable)"
> python ~/.dotfiles/.vscode/extensions/ms-python.python-2021.2.633441544/pythonFiles/pyvsc-run-isolated.py -c "import sys;print(sys.executable)"
> python ~/.dotfiles/.vscode/extensions/ms-python.python-2021.2.633441544/pythonFiles/pyvsc-run-isolated.py -c "import sys;print(sys.executable)"
> python ~/.dotfiles/.vscode/extensions/ms-python.python-2021.2.633441544/pythonFiles/pyvsc-run-isolated.py -c "import sys;print(sys.executable)"
> pyenv root
> pyenv root
> pyenv root
> pyenv root
> pyenv root
Python interpreter path: /usr/bin/python
Starting Pylance language server.
> conda --version
